
-------------------------------------------------------------------------------
Parsing project file - D:\DD_mods\Cook\project.xml
Mod Data Directory = D:/DD_mods/Cook/

-------------------------------------------------------------------------------
Processing Map Files files...

-------------------------------------------------------------------------------
Running Localization...
Parsing localization/cook_brazilian.string_table.xml
Parsing localization/cook_czech.string_table.xml
Parsing localization/cook_english.string_table.xml
Parsing localization/cook_french.string_table.xml
Parsing localization/cook_german.string_table.xml
Parsing localization/cook_italian.string_table.xml
Parsing localization/cook_japanese.string_table.xml
Parsing localization/cook_koreana.string_table.xml
Parsing localization/cook_koreanb.string_table.xml
Parsing localization/cook_polish.string_table.xml
Parsing localization/cook_russian.string_table.xml
Parsing localization/cook_schinese.string_table.xml
Parsing localization/cook_spanish.string_table.xml

Building Languages
Exporting .loc files

-------------------------------------------------------------------------------
Searching for preview icon file D:/DD_mods/Cook/preview_icon.png...FOUND!
<UploadMode> - Set to direct_upload


-------------------------------------------------------------------------------
Modded files...

heroes/cook/cook_A/anim/cook.sprite.afflicted.png
heroes/cook/cook_A/anim/cook.sprite.butcher.png
heroes/cook/cook_A/anim/cook.sprite.camp.png
heroes/cook/cook_A/anim/cook.sprite.choicepiece.png
heroes/cook/cook_A/anim/cook.sprite.combat.png
heroes/cook/cook_A/anim/cook.sprite.commis.png
heroes/cook/cook_A/anim/cook.sprite.defend.png
heroes/cook/cook_A/anim/cook.sprite.entremet.png
heroes/cook/cook_A/anim/cook.sprite.heroic.png
heroes/cook/cook_A/anim/cook.sprite.idle.png
heroes/cook/cook_A/anim/cook.sprite.investigate.png
heroes/cook/cook_A/anim/cook.sprite.maincourse.png
heroes/cook/cook_A/anim/cook.sprite.poisonnedbait.png
heroes/cook/cook_A/anim/cook.sprite.secretingredient.png
heroes/cook/cook_A/anim/cook.sprite.walk.png
campaign/town/town_event/town_event.image_first_cook.png
campaign/town/town_event/town_event.image_gourmets.png
heroes/cook/anim/cook.sprite.afflicted.atlas
heroes/cook/anim/cook.sprite.afflicted.skel
heroes/cook/anim/cook.sprite.butcher.atlas
heroes/cook/anim/cook.sprite.butcher.skel
heroes/cook/anim/cook.sprite.camp.atlas
heroes/cook/anim/cook.sprite.camp.skel
heroes/cook/anim/cook.sprite.choicepiece.atlas
heroes/cook/anim/cook.sprite.choicepiece.skel
heroes/cook/anim/cook.sprite.combat.atlas
heroes/cook/anim/cook.sprite.combat.skel
heroes/cook/anim/cook.sprite.commis.atlas
heroes/cook/anim/cook.sprite.commis.skel
heroes/cook/anim/cook.sprite.defend.atlas
heroes/cook/anim/cook.sprite.defend.skel
heroes/cook/anim/cook.sprite.entremet.atlas
heroes/cook/anim/cook.sprite.entremet.skel
heroes/cook/anim/cook.sprite.heroic.atlas
heroes/cook/anim/cook.sprite.heroic.skel
heroes/cook/anim/cook.sprite.idle.atlas
heroes/cook/anim/cook.sprite.idle.skel
heroes/cook/anim/cook.sprite.investigate.atlas
heroes/cook/anim/cook.sprite.investigate.skel
heroes/cook/anim/cook.sprite.maincourse.atlas
heroes/cook/anim/cook.sprite.maincourse.skel
heroes/cook/anim/cook.sprite.poisonnedbait.atlas
heroes/cook/anim/cook.sprite.poisonnedbait.skel
heroes/cook/anim/cook.sprite.secretingredient.atlas
heroes/cook/anim/cook.sprite.secretingredient.skel
heroes/cook/anim/cook.sprite.walk.atlas
heroes/cook/anim/cook.sprite.walk.skel
heroes/cook/cook_A/cook_portrait_roster.png
heroes/cook/fx/cook.sprite.buff_fx_cook_healbuff.atlas
heroes/cook/fx/cook.sprite.buff_fx_cook_healbuff.png
heroes/cook/fx/cook.sprite.buff_fx_cook_healbuff.skel
heroes/cook/fx/cook.sprite.buff_fx_cook_loop.atlas
heroes/cook/fx/cook.sprite.buff_fx_cook_loop.png
heroes/cook/fx/cook.sprite.buff_fx_cook_loop.skel
heroes/cook/fx/cook.sprite.buff_fx_cook_loopend.atlas
heroes/cook/fx/cook.sprite.buff_fx_cook_loopend.png
heroes/cook/fx/cook.sprite.buff_fx_cook_loopend.skel
heroes/cook/fx/cook.sprite.buff_fx_cook_poisbuff.atlas
heroes/cook/fx/cook.sprite.buff_fx_cook_poisbuff.png
heroes/cook/fx/cook.sprite.buff_fx_cook_poisbuff.skel
heroes/cook/fx/cook.sprite.buff_fx_cook_poiscloud.atlas
heroes/cook/fx/cook.sprite.buff_fx_cook_poiscloud.png
heroes/cook/fx/cook.sprite.buff_fx_cook_poiscloud.skel
heroes/cook/fx/cook.sprite.butcherfx.atlas
heroes/cook/fx/cook.sprite.butcherfx.png
heroes/cook/fx/cook.sprite.butcherfx.skel
heroes/cook/fx/cook.sprite.commisfx.atlas
heroes/cook/fx/cook.sprite.commisfx.png
heroes/cook/fx/cook.sprite.commisfx.skel
heroes/cook/fx/cook.sprite.commistargfx.atlas
heroes/cook/fx/cook.sprite.commistargfx.png
heroes/cook/fx/cook.sprite.commistargfx.skel
heroes/cook/fx/cook.sprite.commistargheadfx.atlas
heroes/cook/fx/cook.sprite.commistargheadfx.png
heroes/cook/fx/cook.sprite.commistargheadfx.skel
heroes/cook/fx/cook.sprite.cookheal_target.atlas
heroes/cook/fx/cook.sprite.cookheal_target.png
heroes/cook/fx/cook.sprite.cookheal_target.skel
heroes/cook/fx/cook.sprite.cpfx.atlas
heroes/cook/fx/cook.sprite.cpfx.png
heroes/cook/fx/cook.sprite.cpfx.skel
heroes/cook/fx/cook.sprite.entremetfx.atlas
heroes/cook/fx/cook.sprite.entremetfx.png
heroes/cook/fx/cook.sprite.entremetfx.skel
heroes/cook/fx/cook.sprite.maincoursefx.atlas
heroes/cook/fx/cook.sprite.maincoursefx.png
heroes/cook/fx/cook.sprite.maincoursefx.skel
heroes/cook/fx/cook.sprite.pbaitfx.atlas
heroes/cook/fx/cook.sprite.pbaitfx.png
heroes/cook/fx/cook.sprite.pbaitfx.skel
heroes/cook/fx/cook.sprite.sifx.atlas
heroes/cook/fx/cook.sprite.sifx.png
heroes/cook/fx/cook.sprite.sifx.skel
heroes/cook/icons_equip/eqp_armour_0.png
heroes/cook/icons_equip/eqp_armour_1.png
heroes/cook/icons_equip/eqp_armour_2.png
heroes/cook/icons_equip/eqp_armour_3.png
heroes/cook/icons_equip/eqp_armour_4.png
heroes/cook/icons_equip/eqp_weapon_0.png
heroes/cook/icons_equip/eqp_weapon_1.png
heroes/cook/icons_equip/eqp_weapon_2.png
heroes/cook/icons_equip/eqp_weapon_3.png
heroes/cook/icons_equip/eqp_weapon_4.png
panels/icons_equip/supply/inv_supply+cook_common_A.png
panels/icons_equip/supply/inv_supply+cook_common_B.png
panels/icons_equip/supply/inv_supply+cook_common_C.png
panels/icons_equip/supply/inv_supply+cook_courtyard_A.png
panels/icons_equip/supply/inv_supply+cook_courtyard_B.png
panels/icons_equip/supply/inv_supply+cook_cove_A.png
panels/icons_equip/supply/inv_supply+cook_cove_B.png
panels/icons_equip/supply/inv_supply+cook_crypts_A.png
panels/icons_equip/supply/inv_supply+cook_crypts_B.png
panels/icons_equip/supply/inv_supply+cook_farm_A.png
panels/icons_equip/supply/inv_supply+cook_farm_B.png
panels/icons_equip/supply/inv_supply+cook_warrens_A.png
panels/icons_equip/supply/inv_supply+cook_warrens_B.png
panels/icons_equip/supply/inv_supply+cook_weald_A.png
panels/icons_equip/supply/inv_supply+cook_weald_B.png
panels/icons_equip/trinket/inv_trinket+cook_bottled_snake.png
panels/icons_equip/trinket/inv_trinket+cook_cleaver.png
panels/icons_equip/trinket/inv_trinket+cook_cockade.png
panels/icons_equip/trinket/inv_trinket+cook_fish_bones.png
panels/icons_equip/trinket/inv_trinket+cook_glasses.png
panels/icons_equip/trinket/inv_trinket+cook_head.png
panels/icons_equip/trinket/inv_trinket+cook_knives.png
panels/icons_equip/trinket/inv_trinket+cook_pendant.png
panels/icons_equip/trinket/inv_trinket+cook_spices.png
panels/icons_equip/trinket/rarity_sakura.png
raid/camping/skill_icons/camp_skill_abundance.png
raid/camping/skill_icons/camp_skill_apetizer.png
raid/camping/skill_icons/camp_skill_light_bearer.png
raid/camping/skill_icons/camp_skill_purge.png
audio/secondary_banks/hero_cook.bank
campaign/roster/cook.roster.additional_variables.json
campaign/town_events/cook.town_events.events.json
heroes/cook/cook.ability.five.png
heroes/cook/cook.ability.four.png
heroes/cook/cook.ability.one.png
heroes/cook/cook.ability.seven.png
heroes/cook/cook.ability.six.png
heroes/cook/cook.ability.three.png
heroes/cook/cook.ability.two.png
heroes/cook/cook.art.darkest
heroes/cook/cook.info.darkest
heroes/cook/cook_guild_header.png
raid/camping/cook.camping_skills.json
shared/buffs/cook.buffs.json
shared/quirk/cook.quirk_library.json
upgrades/heroes/cook.upgrades.json
audio/cook.heroes.guid_overrides.json
audio/cook.heroes.load_order.json
effects/cook.effects.darkest
inventory/cook.inventory.extra_stack_limits.darkest
inventory/cook.supply.inventory.items.darkest
localization/1978083682_brazilian.loc
localization/1978083682_czech.loc
localization/1978083682_english.loc
localization/1978083682_french.loc
localization/1978083682_german.loc
localization/1978083682_italian.loc
localization/1978083682_japanese.loc
localization/1978083682_koreana.loc
localization/1978083682_koreanb.loc
localization/1978083682_polish.loc
localization/1978083682_russian.loc
localization/1978083682_schinese.loc
localization/1978083682_spanish.loc
localization/cook_brazilian.string_table.xml
localization/cook_czech.string_table.xml
localization/cook_english.string_table.xml
localization/cook_french.string_table.xml
localization/cook_german.string_table.xml
localization/cook_italian.string_table.xml
localization/cook_japanese.string_table.xml
localization/cook_koreana.string_table.xml
localization/cook_koreanb.string_table.xml
localization/cook_polish.string_table.xml
localization/cook_russian.string_table.xml
localization/cook_schinese.string_table.xml
localization/cook_spanish.string_table.xml
loot/cook.loot.json
trinkets/East_town.rarities.trinkets.json
trinkets/com.rarities.trinkets.json
trinkets/cook.entries.trinkets.json
trinkets/cook.sets.trinkets.json
trinkets/crimson_court.rarities.trinkets.json
modfiles.txt
preview_icon.png
project.xml

Submitting................................................................................................................................................Submitted.
Saving project file D:\DD_mods\Cook\project.xml

