
-------------------------------------------------------------------------------
Parsing project file - D:\DD_mods\SC_Theater\project.xml
Mod Data Directory = D:/DD_mods/SC_Theater/

-------------------------------------------------------------------------------
Processing Map Files files...

-------------------------------------------------------------------------------
Searching for preview icon file D:/DD_mods/SC_Theater/preview_icon.png...FOUND!
<UploadMode> - Set to direct_upload


-------------------------------------------------------------------------------
Modded files...

modes/radiant/campaign/town/districts/districts_districts.json
campaign/town/districts/districts_districts.json
fx/town_district_theater/town_district_theater.sprite.atlas
fx/town_district_theater/town_district_theater.sprite.png
fx/town_district_theater/town_district_theater.sprite.skel
shared/buffs/SC_theater.buffs.json
modfiles.txt
preview_icon.png
project.xml

Submitting......................................................................................Submitted.
Saving project file D:\DD_mods\SC_Theater\project.xml

