
-------------------------------------------------------------------------------
Parsing project file - D:\DD_mods\bonetti\bonetti.xml
Mod Data Directory = D:/DD_mods/bonetti/

-------------------------------------------------------------------------------
Processing Map Files files...

-------------------------------------------------------------------------------
Running Localization...
Parsing localization/bonetti_brazilian.string_table.xml
Parsing localization/bonetti_czech.string_table.xml
Parsing localization/bonetti_english.string_table.xml
Parsing localization/bonetti_french.string_table.xml
Parsing localization/bonetti_german.string_table.xml
Parsing localization/bonetti_italian.string_table.xml
Parsing localization/bonetti_japanese.string_table.xml
Parsing localization/bonetti_koreana.string_table.xml
Parsing localization/bonetti_koreanb.string_table.xml
Parsing localization/bonetti_polish.string_table.xml
Parsing localization/bonetti_russian.string_table.xml
Parsing localization/bonetti_schinese.string_table.xml
Parsing localization/bonetti_spanish.string_table.xml
Parsing localization/bonetti_tchinese.string_table.xml

Building Languages
Exporting .loc files

-------------------------------------------------------------------------------
Searching for preview icon file D:/DD_mods/bonetti/preview_icon.png...FOUND!
<UploadMode> - Set to direct_upload


-------------------------------------------------------------------------------
Modded files...

heroes/bonetti/bonetti_A/anim/bonetti.sprite.afflicted.png
heroes/bonetti/bonetti_A/anim/bonetti.sprite.attack_barf.png
heroes/bonetti/bonetti_A/anim/bonetti.sprite.attack_chain.png
heroes/bonetti/bonetti_A/anim/bonetti.sprite.attack_claw.png
heroes/bonetti/bonetti_A/anim/bonetti.sprite.attack_horns.png
heroes/bonetti/bonetti_A/anim/bonetti.sprite.attack_kneel.png
heroes/bonetti/bonetti_A/anim/bonetti.sprite.attack_shout.png
heroes/bonetti/bonetti_A/anim/bonetti.sprite.attack_transform.png
heroes/bonetti/bonetti_A/anim/bonetti.sprite.camp.png
heroes/bonetti/bonetti_A/anim/bonetti.sprite.combat.png
heroes/bonetti/bonetti_A/anim/bonetti.sprite.defend.png
heroes/bonetti/bonetti_A/anim/bonetti.sprite.heroic.png
heroes/bonetti/bonetti_A/anim/bonetti.sprite.idle.png
heroes/bonetti/bonetti_A/anim/bonetti.sprite.investigate.png
heroes/bonetti/bonetti_A/anim/bonetti.sprite.walk.png
campaign/town/town_event/town_event.image_bonus_recruit_bonetti.png
campaign/town/town_event/town_event.image_first_bonetti.png
campaign/town/town_event/town_event.image_idle_resolve_level_bonetti.png
heroes/bonetti/anim/bonetti.sprite.afflicted.atlas
heroes/bonetti/anim/bonetti.sprite.afflicted.skel
heroes/bonetti/anim/bonetti.sprite.attack_barf.atlas
heroes/bonetti/anim/bonetti.sprite.attack_barf.skel
heroes/bonetti/anim/bonetti.sprite.attack_chain.atlas
heroes/bonetti/anim/bonetti.sprite.attack_chain.skel
heroes/bonetti/anim/bonetti.sprite.attack_claw.atlas
heroes/bonetti/anim/bonetti.sprite.attack_claw.skel
heroes/bonetti/anim/bonetti.sprite.attack_horns.atlas
heroes/bonetti/anim/bonetti.sprite.attack_horns.skel
heroes/bonetti/anim/bonetti.sprite.attack_kneel.atlas
heroes/bonetti/anim/bonetti.sprite.attack_kneel.skel
heroes/bonetti/anim/bonetti.sprite.attack_shout.atlas
heroes/bonetti/anim/bonetti.sprite.attack_shout.skel
heroes/bonetti/anim/bonetti.sprite.attack_transform.atlas
heroes/bonetti/anim/bonetti.sprite.attack_transform.skel
heroes/bonetti/anim/bonetti.sprite.camp.atlas
heroes/bonetti/anim/bonetti.sprite.camp.skel
heroes/bonetti/anim/bonetti.sprite.combat.atlas
heroes/bonetti/anim/bonetti.sprite.combat.skel
heroes/bonetti/anim/bonetti.sprite.defend.atlas
heroes/bonetti/anim/bonetti.sprite.defend.skel
heroes/bonetti/anim/bonetti.sprite.heroic.atlas
heroes/bonetti/anim/bonetti.sprite.heroic.skel
heroes/bonetti/anim/bonetti.sprite.idle.atlas
heroes/bonetti/anim/bonetti.sprite.idle.skel
heroes/bonetti/anim/bonetti.sprite.investigate.atlas
heroes/bonetti/anim/bonetti.sprite.investigate.skel
heroes/bonetti/anim/bonetti.sprite.walk.atlas
heroes/bonetti/anim/bonetti.sprite.walk.skel
heroes/bonetti/bonetti_A/bonetti_portrait_roster.png
heroes/bonetti/fx/bonetti.sprite.absolution.atlas
heroes/bonetti/fx/bonetti.sprite.absolution.png
heroes/bonetti/fx/bonetti.sprite.absolution.skel
heroes/bonetti/fx/bonetti.sprite.manacles_target.atlas
heroes/bonetti/fx/bonetti.sprite.manacles_target.png
heroes/bonetti/fx/bonetti.sprite.manacles_target.skel
heroes/bonetti/fx/bonetti.sprite.rage.atlas
heroes/bonetti/fx/bonetti.sprite.rage.png
heroes/bonetti/fx/bonetti.sprite.rage.skel
heroes/bonetti/fx/bonetti.sprite.rake.atlas
heroes/bonetti/fx/bonetti.sprite.rake.png
heroes/bonetti/fx/bonetti.sprite.rake.skel
heroes/bonetti/fx/bonetti.sprite.slam.atlas
heroes/bonetti/fx/bonetti.sprite.slam.png
heroes/bonetti/fx/bonetti.sprite.slam.skel
heroes/bonetti/fx/bonetti.sprite.transform.atlas
heroes/bonetti/fx/bonetti.sprite.transform.png
heroes/bonetti/fx/bonetti.sprite.transform.skel
heroes/bonetti/fx/bonetti.sprite.vomit.atlas
heroes/bonetti/fx/bonetti.sprite.vomit.png
heroes/bonetti/fx/bonetti.sprite.vomit.skel
heroes/bonetti/fx/bonetti.sprite.vomit_target.atlas
heroes/bonetti/fx/bonetti.sprite.vomit_target.png
heroes/bonetti/fx/bonetti.sprite.vomit_target.skel
heroes/bonetti/icons_equip/eqp_armour_0.png
heroes/bonetti/icons_equip/eqp_armour_1.png
heroes/bonetti/icons_equip/eqp_armour_2.png
heroes/bonetti/icons_equip/eqp_armour_3.png
heroes/bonetti/icons_equip/eqp_armour_4.png
heroes/bonetti/icons_equip/eqp_weapon_0.png
heroes/bonetti/icons_equip/eqp_weapon_1.png
heroes/bonetti/icons_equip/eqp_weapon_2.png
heroes/bonetti/icons_equip/eqp_weapon_3.png
heroes/bonetti/icons_equip/eqp_weapon_4.png
panels/icons_equip/trinket/inv_trinket+bonetti_ancient_knowledge.png
panels/icons_equip/trinket/inv_trinket+bonetti_cristal_pendant.png
panels/icons_equip/trinket/inv_trinket+bonetti_fabric_strap.png
panels/icons_equip/trinket/inv_trinket+bonetti_master_correspondence.png
panels/icons_equip/trinket/inv_trinket+bonetti_melody.png
panels/icons_equip/trinket/inv_trinket+bonetti_reptilian_plates.png
panels/icons_equip/trinket/inv_trinket+bonetti_used_gloves.png
panels/icons_equip/trinket/inv_trinket+bonetti_vision_pendant.png
raid/camping/skill_icons/camp_skill_exotic_spices.png
raid/camping/skill_icons/camp_skill_melody.png
raid/camping/skill_icons/camp_skill_mithridatism.png
raid/camping/skill_icons/camp_skill_reserve.png
audio/secondary_banks/hero_bonetti.bank
campaign/roster/bonetti.roster.additional_variables.json
campaign/town_events/bonetti.town_events.events.json
heroes/bonetti/bonetti.ability.five.png
heroes/bonetti/bonetti.ability.four.png
heroes/bonetti/bonetti.ability.one.png
heroes/bonetti/bonetti.ability.seven.png
heroes/bonetti/bonetti.ability.six.png
heroes/bonetti/bonetti.ability.three.png
heroes/bonetti/bonetti.ability.two.png
heroes/bonetti/bonetti.art.darkest
heroes/bonetti/bonetti.info.darkest
heroes/bonetti/bonetti_guild_header.png
raid/camping/bonetti.camping_skills.json
shared/buffs/bonetti.buffs.json
upgrades/heroes/bonetti.upgrades.json
audio/bonetti.heroes.guid_overrides.json
audio/bonetti.heroes.load_order.json
effects/bonetti.effects.darkest
localization/1522889786_brazilian.loc
localization/1522889786_czech.loc
localization/1522889786_english.loc
localization/1522889786_french.loc
localization/1522889786_german.loc
localization/1522889786_italian.loc
localization/1522889786_japanese.loc
localization/1522889786_koreana.loc
localization/1522889786_koreanb.loc
localization/1522889786_polish.loc
localization/1522889786_russian.loc
localization/1522889786_schinese.loc
localization/1522889786_spanish.loc
localization/1522889786_tchinese.loc
localization/bonetti_brazilian.string_table.xml
localization/bonetti_czech.string_table.xml
localization/bonetti_english.string_table.xml
localization/bonetti_french.string_table.xml
localization/bonetti_german.string_table.xml
localization/bonetti_italian.string_table.xml
localization/bonetti_japanese.string_table.xml
localization/bonetti_koreana.string_table.xml
localization/bonetti_koreanb.string_table.xml
localization/bonetti_polish.string_table.xml
localization/bonetti_russian.string_table.xml
localization/bonetti_schinese.string_table.xml
localization/bonetti_spanish.string_table.xml
localization/bonetti_tchinese.string_table.xml
localization/error_try.txt
localization/missing_files.txt
trinkets/bonetti.entries.trinkets.json
trinkets/bonetti.sets.trinkets.json
trinkets/com.rarities.trinkets.json
trinkets/crimson_court.rarities.trinkets.json
bonetti.xml
modfiles.txt
preview_icon.png
project.xml

Submitting........................................................................................Submitted.
Saving project file D:\DD_mods\bonetti\bonetti.xml

