
-------------------------------------------------------------------------------
Parsing project file - D:\DD_mods\Thorn\project.xml
Mod Data Directory = D:/DD_mods/thorn/

-------------------------------------------------------------------------------
Processing Map Files files...

-------------------------------------------------------------------------------
Running Localization...
Parsing localization/thorn_english.string_table.xml

Building Languages
Exporting .loc files

-------------------------------------------------------------------------------
Searching for preview icon file D:/DD_mods/thorn/preview_icon.png...FOUND!
<UploadMode> - Set to direct_upload


-------------------------------------------------------------------------------
Modded files...

heroes/thorn/thorn_A/anim/thorn.sprite.afflicted.png
heroes/thorn/thorn_A/anim/thorn.sprite.attack_barf.png
heroes/thorn/thorn_A/anim/thorn.sprite.attack_chain.png
heroes/thorn/thorn_A/anim/thorn.sprite.attack_claw.png
heroes/thorn/thorn_A/anim/thorn.sprite.attack_horns.png
heroes/thorn/thorn_A/anim/thorn.sprite.attack_kneel.png
heroes/thorn/thorn_A/anim/thorn.sprite.attack_shout.png
heroes/thorn/thorn_A/anim/thorn.sprite.attack_transform.png
heroes/thorn/thorn_A/anim/thorn.sprite.camp.png
heroes/thorn/thorn_A/anim/thorn.sprite.combat.png
heroes/thorn/thorn_A/anim/thorn.sprite.defend.png
heroes/thorn/thorn_A/anim/thorn.sprite.heroic.png
heroes/thorn/thorn_A/anim/thorn.sprite.idle.png
heroes/thorn/thorn_A/anim/thorn.sprite.investigate.png
heroes/thorn/thorn_A/anim/thorn.sprite.walk.png
campaign/town/town_event/town_event.image_bonus_recruit_thorn.png
campaign/town/town_event/town_event.image_first_thorn.png
campaign/town/town_event/town_event.image_idle_resolve_level_thorn.png
heroes/thorn/anim/thorn.sprite.afflicted.atlas
heroes/thorn/anim/thorn.sprite.afflicted.skel
heroes/thorn/anim/thorn.sprite.attack_barf.atlas
heroes/thorn/anim/thorn.sprite.attack_barf.skel
heroes/thorn/anim/thorn.sprite.attack_chain.atlas
heroes/thorn/anim/thorn.sprite.attack_chain.skel
heroes/thorn/anim/thorn.sprite.attack_claw.atlas
heroes/thorn/anim/thorn.sprite.attack_claw.skel
heroes/thorn/anim/thorn.sprite.attack_horns.atlas
heroes/thorn/anim/thorn.sprite.attack_horns.skel
heroes/thorn/anim/thorn.sprite.attack_kneel.atlas
heroes/thorn/anim/thorn.sprite.attack_kneel.skel
heroes/thorn/anim/thorn.sprite.attack_shout.atlas
heroes/thorn/anim/thorn.sprite.attack_shout.skel
heroes/thorn/anim/thorn.sprite.attack_transform.atlas
heroes/thorn/anim/thorn.sprite.attack_transform.skel
heroes/thorn/anim/thorn.sprite.camp.atlas
heroes/thorn/anim/thorn.sprite.camp.skel
heroes/thorn/anim/thorn.sprite.combat.atlas
heroes/thorn/anim/thorn.sprite.combat.skel
heroes/thorn/anim/thorn.sprite.defend.atlas
heroes/thorn/anim/thorn.sprite.defend.skel
heroes/thorn/anim/thorn.sprite.heroic.atlas
heroes/thorn/anim/thorn.sprite.heroic.skel
heroes/thorn/anim/thorn.sprite.idle.atlas
heroes/thorn/anim/thorn.sprite.idle.skel
heroes/thorn/anim/thorn.sprite.investigate.atlas
heroes/thorn/anim/thorn.sprite.investigate.skel
heroes/thorn/anim/thorn.sprite.walk.atlas
heroes/thorn/anim/thorn.sprite.walk.skel
heroes/thorn/fx/thorn.sprite.absolution.atlas
heroes/thorn/fx/thorn.sprite.absolution.png
heroes/thorn/fx/thorn.sprite.absolution.skel
heroes/thorn/fx/thorn.sprite.manacles_target.atlas
heroes/thorn/fx/thorn.sprite.manacles_target.png
heroes/thorn/fx/thorn.sprite.manacles_target.skel
heroes/thorn/fx/thorn.sprite.rage.atlas
heroes/thorn/fx/thorn.sprite.rage.png
heroes/thorn/fx/thorn.sprite.rage.skel
heroes/thorn/fx/thorn.sprite.rake.atlas
heroes/thorn/fx/thorn.sprite.rake.png
heroes/thorn/fx/thorn.sprite.rake.skel
heroes/thorn/fx/thorn.sprite.slam.atlas
heroes/thorn/fx/thorn.sprite.slam.png
heroes/thorn/fx/thorn.sprite.slam.skel
heroes/thorn/fx/thorn.sprite.transform.atlas
heroes/thorn/fx/thorn.sprite.transform.png
heroes/thorn/fx/thorn.sprite.transform.skel
heroes/thorn/fx/thorn.sprite.vomit.atlas
heroes/thorn/fx/thorn.sprite.vomit.png
heroes/thorn/fx/thorn.sprite.vomit.skel
heroes/thorn/fx/thorn.sprite.vomit_target.atlas
heroes/thorn/fx/thorn.sprite.vomit_target.png
heroes/thorn/fx/thorn.sprite.vomit_target.skel
heroes/thorn/icons_equip/eqp_armour_0.png
heroes/thorn/icons_equip/eqp_armour_1.png
heroes/thorn/icons_equip/eqp_armour_2.png
heroes/thorn/icons_equip/eqp_armour_3.png
heroes/thorn/icons_equip/eqp_armour_4.png
heroes/thorn/icons_equip/eqp_weapon_0.png
heroes/thorn/icons_equip/eqp_weapon_1.png
heroes/thorn/icons_equip/eqp_weapon_2.png
heroes/thorn/icons_equip/eqp_weapon_3.png
heroes/thorn/icons_equip/eqp_weapon_4.png
heroes/thorn/thorn_A/thorn_portrait_roster.png
panels/icons_equip/trinket/inv_trinket+thorn_ancient_knowledge.png
panels/icons_equip/trinket/inv_trinket+thorn_cristal_pendant.png
panels/icons_equip/trinket/inv_trinket+thorn_fabric_strap.png
panels/icons_equip/trinket/inv_trinket+thorn_master_correspondence.png
panels/icons_equip/trinket/inv_trinket+thorn_melody.png
panels/icons_equip/trinket/inv_trinket+thorn_reptilian_plates.png
panels/icons_equip/trinket/inv_trinket+thorn_used_gloves.png
panels/icons_equip/trinket/inv_trinket+thorn_vision_pendant.png
raid/camping/skill_icons/camp_skill_exotic_spices.png
raid/camping/skill_icons/camp_skill_melody.png
raid/camping/skill_icons/camp_skill_mithridatism.png
raid/camping/skill_icons/camp_skill_reserve.png
audio/secondary_banks/hero_thorn.bank
campaign/roster/thorn.roster.additional_variables.json
campaign/town_events/thorn.town_events.events.json
heroes/thorn/thorn.ability.five.png
heroes/thorn/thorn.ability.four.png
heroes/thorn/thorn.ability.one.png
heroes/thorn/thorn.ability.seven.png
heroes/thorn/thorn.ability.six.png
heroes/thorn/thorn.ability.three.png
heroes/thorn/thorn.ability.two.png
heroes/thorn/thorn.art.darkest
heroes/thorn/thorn.info.darkest
heroes/thorn/thorn_guild_header.png
raid/camping/thorn.camping_skills.json
shared/buffs/thorn.buffs.json
upgrades/heroes/thorn.upgrades.json
audio/thorn.heroes.guid_overrides.json
audio/thorn.heroes.load_order.json
effects/thorn.effects.darkest
localization/1522889786_english.loc
localization/thorn_english.string_table.xml
trinkets/com.rarities.trinkets.json
trinkets/crimson_court.rarities.trinkets.json
trinkets/thorn.entries.trinkets.json
trinkets/thorn.sets.trinkets.json
modfiles.txt
preview_icon.png
project.xml
thorn.xml

Submitting.................................................................................Submitted.
Saving project file D:\DD_mods\Thorn\project.xml

