
-------------------------------------------------------------------------------
Parsing project file - D:\DD_mods\Rats\project.xml
Mod Data Directory = D:/DD_mods/Rats/

-------------------------------------------------------------------------------
Processing Map Files files...

-------------------------------------------------------------------------------
Running Localization...
Parsing localization/rats.string_table.xml

Building Languages
Exporting .loc files

-------------------------------------------------------------------------------
Searching for preview icon file D:/DD_mods/Rats/preview_icon.png...FOUND!
<UploadMode> - Set to direct_upload


-------------------------------------------------------------------------------
Detected 179 unchanged files
The following files are unchanged and will be uploaded...
D:/DD_mods/Rats/monsters/rat_bone/anim/rat_bone.sprite.bone.atlas
D:/DD_mods/Rats/monsters/rat_bone/anim/rat_bone.sprite.bone.png
D:/DD_mods/Rats/monsters/rat_bone/anim/rat_bone.sprite.bone.skel
D:/DD_mods/Rats/monsters/rat_bone/anim/rat_bone.sprite.combat.atlas
D:/DD_mods/Rats/monsters/rat_bone/anim/rat_bone.sprite.combat.png
D:/DD_mods/Rats/monsters/rat_bone/anim/rat_bone.sprite.combat.skel
D:/DD_mods/Rats/monsters/rat_bone/anim/rat_bone.sprite.dead.atlas
D:/DD_mods/Rats/monsters/rat_bone/anim/rat_bone.sprite.dead.png
D:/DD_mods/Rats/monsters/rat_bone/anim/rat_bone.sprite.dead.skel
D:/DD_mods/Rats/monsters/rat_bone/anim/rat_bone.sprite.defend.atlas
D:/DD_mods/Rats/monsters/rat_bone/anim/rat_bone.sprite.defend.png
D:/DD_mods/Rats/monsters/rat_bone/anim/rat_bone.sprite.defend.skel
D:/DD_mods/Rats/monsters/rat_bone/fx/rat_bone.sprite.bonefx.atlas
D:/DD_mods/Rats/monsters/rat_bone/fx/rat_bone.sprite.bonefx.png
D:/DD_mods/Rats/monsters/rat_bone/fx/rat_bone.sprite.bonefx.skel
D:/DD_mods/Rats/monsters/rat_bone/rat_bone_A/rat_bone_A.art.darkest
D:/DD_mods/Rats/monsters/rat_bone/rat_bone_A/rat_bone_A.info.darkest
D:/DD_mods/Rats/monsters/rat_bone/rat_bone_A/tint.png
D:/DD_mods/Rats/monsters/rat_bone/rat_bone_C/rat_bone_C.art.darkest
D:/DD_mods/Rats/monsters/rat_bone/rat_bone_C/tint.png
D:/DD_mods/Rats/monsters/rat_grab/anim/rat_grab.sprite.combat.atlas
D:/DD_mods/Rats/monsters/rat_grab/anim/rat_grab.sprite.combat.png
D:/DD_mods/Rats/monsters/rat_grab/anim/rat_grab.sprite.combat.skel
D:/DD_mods/Rats/monsters/rat_grab/anim/rat_grab.sprite.dead.atlas
D:/DD_mods/Rats/monsters/rat_grab/anim/rat_grab.sprite.dead.png
D:/DD_mods/Rats/monsters/rat_grab/anim/rat_grab.sprite.dead.skel
D:/DD_mods/Rats/monsters/rat_grab/anim/rat_grab.sprite.defend.atlas
D:/DD_mods/Rats/monsters/rat_grab/anim/rat_grab.sprite.defend.png
D:/DD_mods/Rats/monsters/rat_grab/anim/rat_grab.sprite.defend.skel
D:/DD_mods/Rats/monsters/rat_grab/anim/rat_grab.sprite.grab.atlas
D:/DD_mods/Rats/monsters/rat_grab/anim/rat_grab.sprite.grab.png
D:/DD_mods/Rats/monsters/rat_grab/anim/rat_grab.sprite.grab.skel
D:/DD_mods/Rats/monsters/rat_grab/fx/rat_grab.sprite.grabfx.atlas
D:/DD_mods/Rats/monsters/rat_grab/fx/rat_grab.sprite.grabfx.png
D:/DD_mods/Rats/monsters/rat_grab/fx/rat_grab.sprite.grabfx.skel
D:/DD_mods/Rats/monsters/rat_grab/rat_grab_A/rat_grab_A.art.darkest
D:/DD_mods/Rats/monsters/rat_grab/rat_grab_A/rat_grab_A.info.darkest
D:/DD_mods/Rats/monsters/rat_grab/rat_grab_A/tint.png
D:/DD_mods/Rats/monsters/rat_grab/rat_grab_C/rat_grab_C.art.darkest
D:/DD_mods/Rats/monsters/rat_grab/rat_grab_C/tint.png
D:/DD_mods/Rats/monsters/rat_grab_bone/anim/rat_grab_bone.sprite.bone.atlas
D:/DD_mods/Rats/monsters/rat_grab_bone/anim/rat_grab_bone.sprite.bone.png
D:/DD_mods/Rats/monsters/rat_grab_bone/anim/rat_grab_bone.sprite.bone.skel
D:/DD_mods/Rats/monsters/rat_grab_bone/anim/rat_grab_bone.sprite.combat.atlas
D:/DD_mods/Rats/monsters/rat_grab_bone/anim/rat_grab_bone.sprite.combat.png
D:/DD_mods/Rats/monsters/rat_grab_bone/anim/rat_grab_bone.sprite.combat.skel
D:/DD_mods/Rats/monsters/rat_grab_bone/anim/rat_grab_bone.sprite.dead.atlas
D:/DD_mods/Rats/monsters/rat_grab_bone/anim/rat_grab_bone.sprite.dead.png
D:/DD_mods/Rats/monsters/rat_grab_bone/anim/rat_grab_bone.sprite.dead.skel
D:/DD_mods/Rats/monsters/rat_grab_bone/anim/rat_grab_bone.sprite.defend.atlas
D:/DD_mods/Rats/monsters/rat_grab_bone/anim/rat_grab_bone.sprite.defend.png
D:/DD_mods/Rats/monsters/rat_grab_bone/anim/rat_grab_bone.sprite.defend.skel
D:/DD_mods/Rats/monsters/rat_grab_bone/anim/rat_grab_bone.sprite.grab.atlas
D:/DD_mods/Rats/monsters/rat_grab_bone/anim/rat_grab_bone.sprite.grab.png
D:/DD_mods/Rats/monsters/rat_grab_bone/anim/rat_grab_bone.sprite.grab.skel
D:/DD_mods/Rats/monsters/rat_grab_bone/fx/rat_grab_bone.sprite.bonefx.atlas
D:/DD_mods/Rats/monsters/rat_grab_bone/fx/rat_grab_bone.sprite.bonefx.png
D:/DD_mods/Rats/monsters/rat_grab_bone/fx/rat_grab_bone.sprite.bonefx.skel
D:/DD_mods/Rats/monsters/rat_grab_bone/fx/rat_grab_bone.sprite.grabfx.atlas
D:/DD_mods/Rats/monsters/rat_grab_bone/fx/rat_grab_bone.sprite.grabfx.png
D:/DD_mods/Rats/monsters/rat_grab_bone/fx/rat_grab_bone.sprite.grabfx.skel
D:/DD_mods/Rats/monsters/rat_grab_bone/rat_grab_bone_A/rat_grab_bone_A.art.darkest
D:/DD_mods/Rats/monsters/rat_grab_bone/rat_grab_bone_A/rat_grab_bone_A.info.darkest
D:/DD_mods/Rats/monsters/rat_grab_bone/rat_grab_bone_A/tint.png
D:/DD_mods/Rats/monsters/rat_grab_bone/rat_grab_bone_C/rat_grab_bone_C.art.darkest
D:/DD_mods/Rats/monsters/rat_grab_bone/rat_grab_bone_C/tint.png
D:/DD_mods/Rats/monsters/rat_grab_whip/anim/rat_grab_whip.sprite.combat.atlas
D:/DD_mods/Rats/monsters/rat_grab_whip/anim/rat_grab_whip.sprite.combat.png
D:/DD_mods/Rats/monsters/rat_grab_whip/anim/rat_grab_whip.sprite.combat.skel
D:/DD_mods/Rats/monsters/rat_grab_whip/anim/rat_grab_whip.sprite.dead.atlas
D:/DD_mods/Rats/monsters/rat_grab_whip/anim/rat_grab_whip.sprite.dead.png
D:/DD_mods/Rats/monsters/rat_grab_whip/anim/rat_grab_whip.sprite.dead.skel
D:/DD_mods/Rats/monsters/rat_grab_whip/anim/rat_grab_whip.sprite.defend.atlas
D:/DD_mods/Rats/monsters/rat_grab_whip/anim/rat_grab_whip.sprite.defend.png
D:/DD_mods/Rats/monsters/rat_grab_whip/anim/rat_grab_whip.sprite.defend.skel
D:/DD_mods/Rats/monsters/rat_grab_whip/anim/rat_grab_whip.sprite.grab.atlas
D:/DD_mods/Rats/monsters/rat_grab_whip/anim/rat_grab_whip.sprite.grab.png
D:/DD_mods/Rats/monsters/rat_grab_whip/anim/rat_grab_whip.sprite.grab.skel
D:/DD_mods/Rats/monsters/rat_grab_whip/anim/rat_grab_whip.sprite.whip.atlas
D:/DD_mods/Rats/monsters/rat_grab_whip/anim/rat_grab_whip.sprite.whip.png
D:/DD_mods/Rats/monsters/rat_grab_whip/anim/rat_grab_whip.sprite.whip.skel
D:/DD_mods/Rats/monsters/rat_grab_whip/fx/rat_grab_whip.sprite.grabfx.atlas
D:/DD_mods/Rats/monsters/rat_grab_whip/fx/rat_grab_whip.sprite.grabfx.png
D:/DD_mods/Rats/monsters/rat_grab_whip/fx/rat_grab_whip.sprite.grabfx.skel
D:/DD_mods/Rats/monsters/rat_grab_whip/fx/rat_grab_whip.sprite.whipfx.atlas
D:/DD_mods/Rats/monsters/rat_grab_whip/fx/rat_grab_whip.sprite.whipfx.png
D:/DD_mods/Rats/monsters/rat_grab_whip/fx/rat_grab_whip.sprite.whipfx.skel
D:/DD_mods/Rats/monsters/rat_grab_whip/rat_grab_whip_A/rat_grab_whip_A.art.darkest
D:/DD_mods/Rats/monsters/rat_grab_whip/rat_grab_whip_A/rat_grab_whip_A.info.darkest
D:/DD_mods/Rats/monsters/rat_grab_whip/rat_grab_whip_A/tint.png
D:/DD_mods/Rats/monsters/rat_grab_whip/rat_grab_whip_C/rat_grab_whip_C.art.darkest
D:/DD_mods/Rats/monsters/rat_grab_whip/rat_grab_whip_C/tint.png
D:/DD_mods/Rats/monsters/rat_king/anim/rat_king.sprite.claws.atlas
D:/DD_mods/Rats/monsters/rat_king/anim/rat_king.sprite.claws.png
D:/DD_mods/Rats/monsters/rat_king/anim/rat_king.sprite.claws.skel
D:/DD_mods/Rats/monsters/rat_king/anim/rat_king.sprite.combat.atlas
D:/DD_mods/Rats/monsters/rat_king/anim/rat_king.sprite.combat.png
D:/DD_mods/Rats/monsters/rat_king/anim/rat_king.sprite.combat.skel
D:/DD_mods/Rats/monsters/rat_king/anim/rat_king.sprite.curse.atlas
D:/DD_mods/Rats/monsters/rat_king/anim/rat_king.sprite.curse.png
D:/DD_mods/Rats/monsters/rat_king/anim/rat_king.sprite.curse.skel
D:/DD_mods/Rats/monsters/rat_king/anim/rat_king.sprite.dead.atlas
D:/DD_mods/Rats/monsters/rat_king/anim/rat_king.sprite.dead.png
D:/DD_mods/Rats/monsters/rat_king/anim/rat_king.sprite.dead.skel
D:/DD_mods/Rats/monsters/rat_king/anim/rat_king.sprite.defend.atlas
D:/DD_mods/Rats/monsters/rat_king/anim/rat_king.sprite.defend.png
D:/DD_mods/Rats/monsters/rat_king/anim/rat_king.sprite.defend.skel
D:/DD_mods/Rats/monsters/rat_king/anim/rat_king.sprite.eateat.atlas
D:/DD_mods/Rats/monsters/rat_king/anim/rat_king.sprite.eateat.png
D:/DD_mods/Rats/monsters/rat_king/anim/rat_king.sprite.eateat.skel
D:/DD_mods/Rats/monsters/rat_king/anim/rat_king.sprite.headbutt.atlas
D:/DD_mods/Rats/monsters/rat_king/anim/rat_king.sprite.headbutt.png
D:/DD_mods/Rats/monsters/rat_king/anim/rat_king.sprite.headbutt.skel
D:/DD_mods/Rats/monsters/rat_king/fx/rat_king.sprite.clawsfx.atlas
D:/DD_mods/Rats/monsters/rat_king/fx/rat_king.sprite.clawsfx.png
D:/DD_mods/Rats/monsters/rat_king/fx/rat_king.sprite.clawsfx.skel
D:/DD_mods/Rats/monsters/rat_king/fx/rat_king.sprite.cursefx.atlas
D:/DD_mods/Rats/monsters/rat_king/fx/rat_king.sprite.cursefx.png
D:/DD_mods/Rats/monsters/rat_king/fx/rat_king.sprite.cursefx.skel
D:/DD_mods/Rats/monsters/rat_king/fx/rat_king.sprite.eateatfx.atlas
D:/DD_mods/Rats/monsters/rat_king/fx/rat_king.sprite.eateatfx.png
D:/DD_mods/Rats/monsters/rat_king/fx/rat_king.sprite.eateatfx.skel
D:/DD_mods/Rats/monsters/rat_king/fx/rat_king.sprite.headbuttfx.atlas
D:/DD_mods/Rats/monsters/rat_king/fx/rat_king.sprite.headbuttfx.png
D:/DD_mods/Rats/monsters/rat_king/fx/rat_king.sprite.headbuttfx.skel
D:/DD_mods/Rats/monsters/rat_king/rat_king_A/rat_king_A.art.darkest
D:/DD_mods/Rats/monsters/rat_king/rat_king_A/rat_king_A.info.darkest
D:/DD_mods/Rats/monsters/rat_king/rat_king_A/tint.png
D:/DD_mods/Rats/monsters/rat_king/rat_king_C/rat_king_C.art.darkest
D:/DD_mods/Rats/monsters/rat_king/rat_king_C/tint.png
D:/DD_mods/Rats/monsters/rat_whip/anim/rat_whip.sprite.combat.atlas
D:/DD_mods/Rats/monsters/rat_whip/anim/rat_whip.sprite.combat.png
D:/DD_mods/Rats/monsters/rat_whip/anim/rat_whip.sprite.combat.skel
D:/DD_mods/Rats/monsters/rat_whip/anim/rat_whip.sprite.dead.atlas
D:/DD_mods/Rats/monsters/rat_whip/anim/rat_whip.sprite.dead.png
D:/DD_mods/Rats/monsters/rat_whip/anim/rat_whip.sprite.dead.skel
D:/DD_mods/Rats/monsters/rat_whip/anim/rat_whip.sprite.defend.atlas
D:/DD_mods/Rats/monsters/rat_whip/anim/rat_whip.sprite.defend.png
D:/DD_mods/Rats/monsters/rat_whip/anim/rat_whip.sprite.defend.skel
D:/DD_mods/Rats/monsters/rat_whip/anim/rat_whip.sprite.whip.atlas
D:/DD_mods/Rats/monsters/rat_whip/anim/rat_whip.sprite.whip.png
D:/DD_mods/Rats/monsters/rat_whip/anim/rat_whip.sprite.whip.skel
D:/DD_mods/Rats/monsters/rat_whip/fx/rat_whip.sprite.whipfx.atlas
D:/DD_mods/Rats/monsters/rat_whip/fx/rat_whip.sprite.whipfx.png
D:/DD_mods/Rats/monsters/rat_whip/fx/rat_whip.sprite.whipfx.skel
D:/DD_mods/Rats/monsters/rat_whip/rat_whip_A/rat_whip_A.art.darkest
D:/DD_mods/Rats/monsters/rat_whip/rat_whip_A/rat_whip_A.info.darkest
D:/DD_mods/Rats/monsters/rat_whip/rat_whip_A/tint.png
D:/DD_mods/Rats/monsters/rat_whip/rat_whip_C/rat_whip_C.art.darkest
D:/DD_mods/Rats/monsters/rat_whip/rat_whip_C/tint.png
D:/DD_mods/Rats/monsters/rat_whip_bone/anim/rat_whip_bone.sprite.bone.atlas
D:/DD_mods/Rats/monsters/rat_whip_bone/anim/rat_whip_bone.sprite.bone.png
D:/DD_mods/Rats/monsters/rat_whip_bone/anim/rat_whip_bone.sprite.bone.skel
D:/DD_mods/Rats/monsters/rat_whip_bone/anim/rat_whip_bone.sprite.combat.atlas
D:/DD_mods/Rats/monsters/rat_whip_bone/anim/rat_whip_bone.sprite.combat.png
D:/DD_mods/Rats/monsters/rat_whip_bone/anim/rat_whip_bone.sprite.combat.skel
D:/DD_mods/Rats/monsters/rat_whip_bone/anim/rat_whip_bone.sprite.dead.atlas
D:/DD_mods/Rats/monsters/rat_whip_bone/anim/rat_whip_bone.sprite.dead.png
D:/DD_mods/Rats/monsters/rat_whip_bone/anim/rat_whip_bone.sprite.dead.skel
D:/DD_mods/Rats/monsters/rat_whip_bone/anim/rat_whip_bone.sprite.defend.atlas
D:/DD_mods/Rats/monsters/rat_whip_bone/anim/rat_whip_bone.sprite.defend.png
D:/DD_mods/Rats/monsters/rat_whip_bone/anim/rat_whip_bone.sprite.defend.skel
D:/DD_mods/Rats/monsters/rat_whip_bone/anim/rat_whip_bone.sprite.whip.atlas
D:/DD_mods/Rats/monsters/rat_whip_bone/anim/rat_whip_bone.sprite.whip.png
D:/DD_mods/Rats/monsters/rat_whip_bone/anim/rat_whip_bone.sprite.whip.skel
D:/DD_mods/Rats/monsters/rat_whip_bone/fx/rat_whip_bone.sprite.bonefx.atlas
D:/DD_mods/Rats/monsters/rat_whip_bone/fx/rat_whip_bone.sprite.bonefx.png
D:/DD_mods/Rats/monsters/rat_whip_bone/fx/rat_whip_bone.sprite.bonefx.skel
D:/DD_mods/Rats/monsters/rat_whip_bone/fx/rat_whip_bone.sprite.whipfx.atlas
D:/DD_mods/Rats/monsters/rat_whip_bone/fx/rat_whip_bone.sprite.whipfx.png
D:/DD_mods/Rats/monsters/rat_whip_bone/fx/rat_whip_bone.sprite.whipfx.skel
D:/DD_mods/Rats/monsters/rat_whip_bone/rat_whip_bone_A/rat_whip_bone_A.art.darkest
D:/DD_mods/Rats/monsters/rat_whip_bone/rat_whip_bone_A/rat_whip_bone_A.info.darkest
D:/DD_mods/Rats/monsters/rat_whip_bone/rat_whip_bone_A/tint.png
D:/DD_mods/Rats/monsters/rat_whip_bone/rat_whip_bone_C/rat_whip_bone_C.art.darkest
D:/DD_mods/Rats/monsters/rat_whip_bone/rat_whip_bone_C/tint.png
D:/DD_mods/Rats/raid/ai/rats.monster_brains.json
D:/DD_mods/Rats/shared/buffs/rats.buffs.json
D:/DD_mods/Rats/scripts/rats_raid_visuals.json

-------------------------------------------------------------------------------
Modded files...

props/shared/curios/manhole/manhole.atlas
props/shared/curios/manhole/manhole.png
props/shared/curios/manhole/manhole.skel
monsters/rat_bone/rat_bone_C/rat_bone_C.info.darkest
monsters/rat_grab/rat_grab_C/rat_grab_C.info.darkest
monsters/rat_grab_bone/rat_grab_bone_C/rat_grab_bone_C.info.darkest
monsters/rat_grab_whip/rat_grab_whip_C/rat_grab_whip_C.info.darkest
monsters/rat_king/rat_king_C/rat_king_C.info.darkest
monsters/rat_whip/rat_whip_C/rat_whip_C.info.darkest
monsters/rat_whip_bone/rat_whip_bone_C/rat_whip_bone_C.info.darkest
audio/secondary_banks/enemy_rats.bank
dungeons/crypts/crypts.props.darkest
dungeons/crypts/rats.crypts.1.mash.darkest
dungeons/crypts/rats.crypts.3.mash.darkest
dungeons/crypts/rats.crypts.5.mash.darkest
audio/rats.campaign.guid_overrides.json
audio/rats.campaign.load_order.json
curios/rats_curio_props.csv
curios/rats_curio_type_library.csv
effects/rats.effects.darkest
localization/1656676055_brazilian.loc
localization/1656676055_czech.loc
localization/1656676055_english.loc
localization/1656676055_french.loc
localization/1656676055_german.loc
localization/1656676055_italian.loc
localization/1656676055_koreana.loc
localization/1656676055_koreanb.loc
localization/1656676055_polish.loc
localization/1656676055_russian.loc
localization/1656676055_schinese.loc
localization/1656676055_spanish.loc
localization/1656676055_tchinese.loc
localization/rats.string_table.xml
preview_icon.png
project.xml

Submitting.....................................................................................................................................Submitted.
Saving project file D:\DD_mods\Rats\project.xml

